<?xml version="1.0" encoding="UTF-8"?>
<testng-results skipped="0" failed="0" total="3" passed="3">
  <reporter-output>
  </reporter-output>
  <suite name="Default suite" duration-ms="798" started-at="2015-07-16T19:10:16Z" finished-at="2015-07-16T19:10:17Z">
    <groups>
      <group name="CRUD">
        <method signature="UsuarioSeviceMockTest.create(br.com.brm.scp.api.dto.request.UsuarioRequestDTO)[pri:0, instance:br.com.brm.scp.api.service.test.UsuarioSeviceMockTest@1dfe2924]" name="create" class="br.com.brm.scp.api.service.test.UsuarioSeviceMockTest"/>
        <method signature="UsuarioSeviceMockTest.delete(br.com.brm.scp.api.dto.request.UsuarioRequestDTO)[pri:0, instance:br.com.brm.scp.api.service.test.UsuarioSeviceMockTest@1dfe2924]" name="delete" class="br.com.brm.scp.api.service.test.UsuarioSeviceMockTest"/>
        <method signature="UsuarioSeviceMockTest.update(br.com.brm.scp.api.dto.request.UsuarioRequestDTO)[pri:0, instance:br.com.brm.scp.api.service.test.UsuarioSeviceMockTest@1dfe2924]" name="update" class="br.com.brm.scp.api.service.test.UsuarioSeviceMockTest"/>
      </group> <!-- CRUD -->
    </groups>
    <test name="Default test" duration-ms="798" started-at="2015-07-16T19:10:16Z" finished-at="2015-07-16T19:10:17Z">
      <class name="br.com.brm.scp.api.service.test.UsuarioSeviceMockTest">
        <test-method status="PASS" signature="springTestContextBeforeTestClass()[pri:0, instance:br.com.brm.scp.api.service.test.UsuarioSeviceMockTest@1dfe2924]" name="springTestContextBeforeTestClass" is-config="true" duration-ms="0" started-at="2015-07-16T16:10:16Z" finished-at="2015-07-16T16:10:16Z">
          <reporter-output>
          </reporter-output>
        </test-method> <!-- springTestContextBeforeTestClass -->
        <test-method status="PASS" signature="springTestContextPrepareTestInstance()[pri:0, instance:br.com.brm.scp.api.service.test.UsuarioSeviceMockTest@1dfe2924]" name="springTestContextPrepareTestInstance" is-config="true" duration-ms="708" started-at="2015-07-16T16:10:16Z" depends-on-methods="org.springframework.test.context.testng.AbstractTestNGSpringContextTests.springTestContextBeforeTestClass" finished-at="2015-07-16T16:10:17Z">
          <reporter-output>
          </reporter-output>
        </test-method> <!-- springTestContextPrepareTestInstance -->
        <test-method status="PASS" signature="setup()[pri:0, instance:br.com.brm.scp.api.service.test.UsuarioSeviceMockTest@1dfe2924]" name="setup" is-config="true" duration-ms="0" started-at="2015-07-16T16:10:17Z" finished-at="2015-07-16T16:10:17Z">
          <reporter-output>
          </reporter-output>
        </test-method> <!-- setup -->
        <test-method status="PASS" signature="create(br.com.brm.scp.api.dto.request.UsuarioRequestDTO)[pri:0, instance:br.com.brm.scp.api.service.test.UsuarioSeviceMockTest@1dfe2924]" name="create" duration-ms="39" started-at="2015-07-16T16:10:17Z" data-provider="novoUsuario" finished-at="2015-07-16T16:10:17Z">
          <params>
            <param index="0">
              <value>
                <![CDATA[br.com.brm.scp.api.dto.request.UsuarioRequestDTO@313ac989]]>
              </value>
            </param>
          </params>
          <reporter-output>
          </reporter-output>
        </test-method> <!-- create -->
        <test-method status="PASS" signature="springTestContextBeforeTestMethod(java.lang.reflect.Method)[pri:0, instance:br.com.brm.scp.api.service.test.UsuarioSeviceMockTest@1dfe2924]" name="springTestContextBeforeTestMethod" is-config="true" duration-ms="0" started-at="2015-07-16T16:10:17Z" finished-at="2015-07-16T16:10:17Z">
          <params>
            <param index="0">
              <value>
                <![CDATA[public void br.com.brm.scp.api.service.test.UsuarioSeviceMockTest.create(br.com.brm.scp.api.dto.request.UsuarioRequestDTO) throws br.com.brm.scp.api.exceptions.UsuarioExistentException]]>
              </value>
            </param>
          </params>
          <reporter-output>
          </reporter-output>
        </test-method> <!-- springTestContextBeforeTestMethod -->
        <test-method status="PASS" signature="update(br.com.brm.scp.api.dto.request.UsuarioRequestDTO)[pri:0, instance:br.com.brm.scp.api.service.test.UsuarioSeviceMockTest@1dfe2924]" name="update" duration-ms="16" started-at="2015-07-16T16:10:17Z" data-provider="novoAlterado" finished-at="2015-07-16T16:10:17Z">
          <params>
            <param index="0">
              <value>
                <![CDATA[br.com.brm.scp.api.dto.request.UsuarioRequestDTO@78691363]]>
              </value>
            </param>
          </params>
          <reporter-output>
          </reporter-output>
        </test-method> <!-- update -->
        <test-method status="PASS" signature="springTestContextBeforeTestMethod(java.lang.reflect.Method)[pri:0, instance:br.com.brm.scp.api.service.test.UsuarioSeviceMockTest@1dfe2924]" name="springTestContextBeforeTestMethod" is-config="true" duration-ms="0" started-at="2015-07-16T16:10:17Z" finished-at="2015-07-16T16:10:17Z">
          <params>
            <param index="0">
              <value>
                <![CDATA[public void br.com.brm.scp.api.service.test.UsuarioSeviceMockTest.update(br.com.brm.scp.api.dto.request.UsuarioRequestDTO) throws br.com.brm.scp.api.exceptions.UsuarioNotFoundException]]>
              </value>
            </param>
          </params>
          <reporter-output>
          </reporter-output>
        </test-method> <!-- springTestContextBeforeTestMethod -->
        <test-method status="PASS" signature="springTestContextAfterTestMethod(java.lang.reflect.Method)[pri:0, instance:br.com.brm.scp.api.service.test.UsuarioSeviceMockTest@1dfe2924]" name="springTestContextAfterTestMethod" is-config="true" duration-ms="0" started-at="2015-07-16T16:10:17Z" finished-at="2015-07-16T16:10:17Z">
          <params>
            <param index="0">
              <value>
                <![CDATA[public void br.com.brm.scp.api.service.test.UsuarioSeviceMockTest.create(br.com.brm.scp.api.dto.request.UsuarioRequestDTO) throws br.com.brm.scp.api.exceptions.UsuarioExistentException]]>
              </value>
            </param>
          </params>
          <reporter-output>
          </reporter-output>
        </test-method> <!-- springTestContextAfterTestMethod -->
        <test-method status="PASS" signature="springTestContextAfterTestMethod(java.lang.reflect.Method)[pri:0, instance:br.com.brm.scp.api.service.test.UsuarioSeviceMockTest@1dfe2924]" name="springTestContextAfterTestMethod" is-config="true" duration-ms="0" started-at="2015-07-16T16:10:17Z" finished-at="2015-07-16T16:10:17Z">
          <params>
            <param index="0">
              <value>
                <![CDATA[public void br.com.brm.scp.api.service.test.UsuarioSeviceMockTest.update(br.com.brm.scp.api.dto.request.UsuarioRequestDTO) throws br.com.brm.scp.api.exceptions.UsuarioNotFoundException]]>
              </value>
            </param>
          </params>
          <reporter-output>
          </reporter-output>
        </test-method> <!-- springTestContextAfterTestMethod -->
        <test-method status="PASS" signature="springTestContextBeforeTestMethod(java.lang.reflect.Method)[pri:0, instance:br.com.brm.scp.api.service.test.UsuarioSeviceMockTest@1dfe2924]" name="springTestContextBeforeTestMethod" is-config="true" duration-ms="0" started-at="2015-07-16T16:10:17Z" finished-at="2015-07-16T16:10:17Z">
          <params>
            <param index="0">
              <value>
                <![CDATA[public void br.com.brm.scp.api.service.test.UsuarioSeviceMockTest.delete(br.com.brm.scp.api.dto.request.UsuarioRequestDTO) throws br.com.brm.scp.api.exceptions.UsuarioNotFoundException]]>
              </value>
            </param>
          </params>
          <reporter-output>
          </reporter-output>
        </test-method> <!-- springTestContextBeforeTestMethod -->
        <test-method status="PASS" signature="delete(br.com.brm.scp.api.dto.request.UsuarioRequestDTO)[pri:0, instance:br.com.brm.scp.api.service.test.UsuarioSeviceMockTest@1dfe2924]" name="delete" duration-ms="16" started-at="2015-07-16T16:10:17Z" data-provider="novoAlterado" finished-at="2015-07-16T16:10:17Z">
          <params>
            <param index="0">
              <value>
                <![CDATA[br.com.brm.scp.api.dto.request.UsuarioRequestDTO@30c15d8b]]>
              </value>
            </param>
          </params>
          <reporter-output>
          </reporter-output>
        </test-method> <!-- delete -->
        <test-method status="PASS" signature="tearDown()[pri:0, instance:br.com.brm.scp.api.service.test.UsuarioSeviceMockTest@1dfe2924]" name="tearDown" is-config="true" duration-ms="0" started-at="2015-07-16T16:10:17Z" finished-at="2015-07-16T16:10:17Z">
          <reporter-output>
          </reporter-output>
        </test-method> <!-- tearDown -->
        <test-method status="PASS" signature="springTestContextAfterTestClass()[pri:0, instance:br.com.brm.scp.api.service.test.UsuarioSeviceMockTest@1dfe2924]" name="springTestContextAfterTestClass" is-config="true" duration-ms="0" started-at="2015-07-16T16:10:17Z" finished-at="2015-07-16T16:10:17Z">
          <reporter-output>
          </reporter-output>
        </test-method> <!-- springTestContextAfterTestClass -->
        <test-method status="PASS" signature="springTestContextAfterTestMethod(java.lang.reflect.Method)[pri:0, instance:br.com.brm.scp.api.service.test.UsuarioSeviceMockTest@1dfe2924]" name="springTestContextAfterTestMethod" is-config="true" duration-ms="0" started-at="2015-07-16T16:10:17Z" finished-at="2015-07-16T16:10:17Z">
          <params>
            <param index="0">
              <value>
                <![CDATA[public void br.com.brm.scp.api.service.test.UsuarioSeviceMockTest.delete(br.com.brm.scp.api.dto.request.UsuarioRequestDTO) throws br.com.brm.scp.api.exceptions.UsuarioNotFoundException]]>
              </value>
            </param>
          </params>
          <reporter-output>
          </reporter-output>
        </test-method> <!-- springTestContextAfterTestMethod -->
      </class> <!-- br.com.brm.scp.api.service.test.UsuarioSeviceMockTest -->
    </test> <!-- Default test -->
  </suite> <!-- Default suite -->
</testng-results>
