<?xml version="1.0" encoding="UTF-8"?>
<testng-results skipped="0" failed="0" total="3" passed="3">
  <reporter-output>
  </reporter-output>
  <suite name="Default suite" duration-ms="950" started-at="2015-07-14T21:34:57Z" finished-at="2015-07-14T21:34:58Z">
    <groups>
      <group name="CRUD">
        <method signature="CategoriaServiceMockTest.create(br.com.brm.scp.api.dto.request.CategoriaRequestDTO)[pri:0, instance:br.com.brm.scp.api.service.test.CategoriaServiceMockTest@5c5a1b69]" name="create" class="br.com.brm.scp.api.service.test.CategoriaServiceMockTest"/>
        <method signature="CategoriaServiceMockTest.delete(br.com.brm.scp.api.dto.request.CategoriaRequestDTO)[pri:0, instance:br.com.brm.scp.api.service.test.CategoriaServiceMockTest@5c5a1b69]" name="delete" class="br.com.brm.scp.api.service.test.CategoriaServiceMockTest"/>
        <method signature="CategoriaServiceMockTest.update(br.com.brm.scp.api.dto.request.CategoriaRequestDTO)[pri:0, instance:br.com.brm.scp.api.service.test.CategoriaServiceMockTest@5c5a1b69]" name="update" class="br.com.brm.scp.api.service.test.CategoriaServiceMockTest"/>
      </group> <!-- CRUD -->
    </groups>
    <test name="Default test" duration-ms="950" started-at="2015-07-14T21:34:57Z" finished-at="2015-07-14T21:34:58Z">
      <class name="br.com.brm.scp.api.service.test.CategoriaServiceMockTest">
        <test-method status="PASS" signature="springTestContextBeforeTestClass()[pri:0, instance:br.com.brm.scp.api.service.test.CategoriaServiceMockTest@5c5a1b69]" name="springTestContextBeforeTestClass" is-config="true" duration-ms="16" started-at="2015-07-14T18:34:57Z" finished-at="2015-07-14T18:34:57Z">
          <reporter-output>
          </reporter-output>
        </test-method> <!-- springTestContextBeforeTestClass -->
        <test-method status="PASS" signature="springTestContextPrepareTestInstance()[pri:0, instance:br.com.brm.scp.api.service.test.CategoriaServiceMockTest@5c5a1b69]" name="springTestContextPrepareTestInstance" is-config="true" duration-ms="828" started-at="2015-07-14T18:34:57Z" depends-on-methods="org.springframework.test.context.testng.AbstractTestNGSpringContextTests.springTestContextBeforeTestClass" finished-at="2015-07-14T18:34:58Z">
          <reporter-output>
          </reporter-output>
        </test-method> <!-- springTestContextPrepareTestInstance -->
        <test-method status="PASS" signature="create(br.com.brm.scp.api.dto.request.CategoriaRequestDTO)[pri:0, instance:br.com.brm.scp.api.service.test.CategoriaServiceMockTest@5c5a1b69]" name="create" duration-ms="33" started-at="2015-07-14T18:34:58Z" data-provider="novaCategoria" finished-at="2015-07-14T18:34:58Z">
          <params>
            <param index="0">
              <value>
                <![CDATA[br.com.brm.scp.api.dto.request.CategoriaRequestDTO@55b699ef]]>
              </value>
            </param>
          </params>
          <reporter-output>
          </reporter-output>
        </test-method> <!-- create -->
        <test-method status="PASS" signature="springTestContextBeforeTestMethod(java.lang.reflect.Method)[pri:0, instance:br.com.brm.scp.api.service.test.CategoriaServiceMockTest@5c5a1b69]" name="springTestContextBeforeTestMethod" is-config="true" duration-ms="0" started-at="2015-07-14T18:34:58Z" finished-at="2015-07-14T18:34:58Z">
          <params>
            <param index="0">
              <value>
                <![CDATA[public void br.com.brm.scp.api.service.test.CategoriaServiceMockTest.create(br.com.brm.scp.api.dto.request.CategoriaRequestDTO) throws br.com.brm.scp.api.exceptions.CategoriaExistenteException,br.com.brm.scp.api.exceptions.CategoriaNotFoundException]]>
              </value>
            </param>
          </params>
          <reporter-output>
          </reporter-output>
        </test-method> <!-- springTestContextBeforeTestMethod -->
        <test-method status="PASS" signature="springTestContextAfterTestMethod(java.lang.reflect.Method)[pri:0, instance:br.com.brm.scp.api.service.test.CategoriaServiceMockTest@5c5a1b69]" name="springTestContextAfterTestMethod" is-config="true" duration-ms="18" started-at="2015-07-14T18:34:58Z" finished-at="2015-07-14T18:34:58Z">
          <params>
            <param index="0">
              <value>
                <![CDATA[public void br.com.brm.scp.api.service.test.CategoriaServiceMockTest.create(br.com.brm.scp.api.dto.request.CategoriaRequestDTO) throws br.com.brm.scp.api.exceptions.CategoriaExistenteException,br.com.brm.scp.api.exceptions.CategoriaNotFoundException]]>
              </value>
            </param>
          </params>
          <reporter-output>
          </reporter-output>
        </test-method> <!-- springTestContextAfterTestMethod -->
        <test-method status="PASS" signature="springTestContextBeforeTestMethod(java.lang.reflect.Method)[pri:0, instance:br.com.brm.scp.api.service.test.CategoriaServiceMockTest@5c5a1b69]" name="springTestContextBeforeTestMethod" is-config="true" duration-ms="0" started-at="2015-07-14T18:34:58Z" finished-at="2015-07-14T18:34:58Z">
          <params>
            <param index="0">
              <value>
                <![CDATA[public void br.com.brm.scp.api.service.test.CategoriaServiceMockTest.update(br.com.brm.scp.api.dto.request.CategoriaRequestDTO) throws br.com.brm.scp.api.exceptions.CategoriaNotFoundException]]>
              </value>
            </param>
          </params>
          <reporter-output>
          </reporter-output>
        </test-method> <!-- springTestContextBeforeTestMethod -->
        <test-method status="PASS" signature="delete(br.com.brm.scp.api.dto.request.CategoriaRequestDTO)[pri:0, instance:br.com.brm.scp.api.service.test.CategoriaServiceMockTest@5c5a1b69]" name="delete" duration-ms="42" started-at="2015-07-14T18:34:58Z" data-provider="novaCategoria" finished-at="2015-07-14T18:34:58Z">
          <params>
            <param index="0">
              <value>
                <![CDATA[br.com.brm.scp.api.dto.request.CategoriaRequestDTO@78691363]]>
              </value>
            </param>
          </params>
          <reporter-output>
          </reporter-output>
        </test-method> <!-- delete -->
        <test-method status="PASS" signature="springTestContextAfterTestMethod(java.lang.reflect.Method)[pri:0, instance:br.com.brm.scp.api.service.test.CategoriaServiceMockTest@5c5a1b69]" name="springTestContextAfterTestMethod" is-config="true" duration-ms="0" started-at="2015-07-14T18:34:58Z" finished-at="2015-07-14T18:34:58Z">
          <params>
            <param index="0">
              <value>
                <![CDATA[public void br.com.brm.scp.api.service.test.CategoriaServiceMockTest.update(br.com.brm.scp.api.dto.request.CategoriaRequestDTO) throws br.com.brm.scp.api.exceptions.CategoriaNotFoundException]]>
              </value>
            </param>
          </params>
          <reporter-output>
          </reporter-output>
        </test-method> <!-- springTestContextAfterTestMethod -->
        <test-method status="PASS" signature="update(br.com.brm.scp.api.dto.request.CategoriaRequestDTO)[pri:0, instance:br.com.brm.scp.api.service.test.CategoriaServiceMockTest@5c5a1b69]" name="update" duration-ms="0" started-at="2015-07-14T18:34:58Z" data-provider="novaCategoriaAlterada" finished-at="2015-07-14T18:34:58Z">
          <params>
            <param index="0">
              <value>
                <![CDATA[br.com.brm.scp.api.dto.request.CategoriaRequestDTO@4218d6a3]]>
              </value>
            </param>
          </params>
          <reporter-output>
          </reporter-output>
        </test-method> <!-- update -->
        <test-method status="PASS" signature="springTestContextBeforeTestMethod(java.lang.reflect.Method)[pri:0, instance:br.com.brm.scp.api.service.test.CategoriaServiceMockTest@5c5a1b69]" name="springTestContextBeforeTestMethod" is-config="true" duration-ms="0" started-at="2015-07-14T18:34:58Z" finished-at="2015-07-14T18:34:58Z">
          <params>
            <param index="0">
              <value>
                <![CDATA[public void br.com.brm.scp.api.service.test.CategoriaServiceMockTest.delete(br.com.brm.scp.api.dto.request.CategoriaRequestDTO) throws br.com.brm.scp.api.exceptions.CategoriaNotFoundException]]>
              </value>
            </param>
          </params>
          <reporter-output>
          </reporter-output>
        </test-method> <!-- springTestContextBeforeTestMethod -->
        <test-method status="PASS" signature="springTestContextAfterTestMethod(java.lang.reflect.Method)[pri:0, instance:br.com.brm.scp.api.service.test.CategoriaServiceMockTest@5c5a1b69]" name="springTestContextAfterTestMethod" is-config="true" duration-ms="1" started-at="2015-07-14T18:34:58Z" finished-at="2015-07-14T18:34:58Z">
          <params>
            <param index="0">
              <value>
                <![CDATA[public void br.com.brm.scp.api.service.test.CategoriaServiceMockTest.delete(br.com.brm.scp.api.dto.request.CategoriaRequestDTO) throws br.com.brm.scp.api.exceptions.CategoriaNotFoundException]]>
              </value>
            </param>
          </params>
          <reporter-output>
          </reporter-output>
        </test-method> <!-- springTestContextAfterTestMethod -->
        <test-method status="PASS" signature="springTestContextAfterTestClass()[pri:0, instance:br.com.brm.scp.api.service.test.CategoriaServiceMockTest@5c5a1b69]" name="springTestContextAfterTestClass" is-config="true" duration-ms="1" started-at="2015-07-14T18:34:58Z" finished-at="2015-07-14T18:34:58Z">
          <reporter-output>
          </reporter-output>
        </test-method> <!-- springTestContextAfterTestClass -->
      </class> <!-- br.com.brm.scp.api.service.test.CategoriaServiceMockTest -->
    </test> <!-- Default test -->
  </suite> <!-- Default suite -->
</testng-results>
