<?xml version="1.0" encoding="UTF-8"?>
<testng-results skipped="0" failed="0" total="5" passed="5">
  <reporter-output>
  </reporter-output>
  <suite name="Default suite" duration-ms="23793" started-at="2015-07-14T02:55:41Z" finished-at="2015-07-14T02:56:05Z">
    <groups>
      <group name="CRIACAO_SKU">
        <method signature="SkuServiceMockTest.criarSkuPart1(br.com.brm.scp.api.dto.response.ItemResponseDTO, java.util.Collection)[pri:0, instance:br.com.brm.scp.api.service.test.SkuServiceMockTest@3754a4bf]" name="criarSkuPart1" class="br.com.brm.scp.api.service.test.SkuServiceMockTest"/>
        <method signature="SkuServiceMockTest.criarSkuPart2()[pri:0, instance:br.com.brm.scp.api.service.test.SkuServiceMockTest@3754a4bf]" name="criarSkuPart2" class="br.com.brm.scp.api.service.test.SkuServiceMockTest"/>
        <method signature="SkuServiceMockTest.skuAtivarSkuNotFoundException(br.com.brm.scp.api.dto.request.SkuRequestDTO)[pri:0, instance:br.com.brm.scp.api.service.test.SkuServiceMockTest@3754a4bf]" name="skuAtivarSkuNotFoundException" class="br.com.brm.scp.api.service.test.SkuServiceMockTest"/>
        <method signature="SkuServiceMockTest.skuExistenteException()[pri:0, instance:br.com.brm.scp.api.service.test.SkuServiceMockTest@3754a4bf]" name="skuExistenteException" class="br.com.brm.scp.api.service.test.SkuServiceMockTest"/>
      </group> <!-- CRIACAO_SKU -->
      <group name="SELECIONAR_ORIGENS">
        <method signature="SkuServiceMockTest.selecionarOrigens(java.util.Collection)[pri:0, instance:br.com.brm.scp.api.service.test.SkuServiceMockTest@3754a4bf]" name="selecionarOrigens" class="br.com.brm.scp.api.service.test.SkuServiceMockTest"/>
      </group> <!-- SELECIONAR_ORIGENS -->
    </groups>
    <test name="Default test" duration-ms="23793" started-at="2015-07-14T02:55:41Z" finished-at="2015-07-14T02:56:05Z">
      <class name="br.com.brm.scp.api.service.test.SkuServiceMockTest">
        <test-method status="PASS" signature="springTestContextBeforeTestClass()[pri:0, instance:br.com.brm.scp.api.service.test.SkuServiceMockTest@3754a4bf]" name="springTestContextBeforeTestClass" is-config="true" duration-ms="9" started-at="2015-07-13T23:55:41Z" finished-at="2015-07-13T23:55:41Z">
          <reporter-output>
          </reporter-output>
        </test-method> <!-- springTestContextBeforeTestClass -->
        <test-method status="PASS" signature="springTestContextPrepareTestInstance()[pri:0, instance:br.com.brm.scp.api.service.test.SkuServiceMockTest@3754a4bf]" name="springTestContextPrepareTestInstance" is-config="true" duration-ms="444" started-at="2015-07-13T23:55:41Z" depends-on-methods="org.springframework.test.context.testng.AbstractTestNGSpringContextTests.springTestContextBeforeTestClass" finished-at="2015-07-13T23:55:41Z">
          <reporter-output>
          </reporter-output>
        </test-method> <!-- springTestContextPrepareTestInstance -->
        <test-method status="PASS" signature="setup()[pri:0, instance:br.com.brm.scp.api.service.test.SkuServiceMockTest@3754a4bf]" name="setup" is-config="true" duration-ms="19" started-at="2015-07-13T23:55:41Z" finished-at="2015-07-13T23:55:41Z">
          <reporter-output>
          </reporter-output>
        </test-method> <!-- setup -->
        <test-method status="PASS" signature="criarSkuPart1(br.com.brm.scp.api.dto.response.ItemResponseDTO, java.util.Collection)[pri:0, instance:br.com.brm.scp.api.service.test.SkuServiceMockTest@3754a4bf]" name="criarSkuPart1" duration-ms="53" started-at="2015-07-13T23:55:43Z" data-provider="ITEM_TAGS_RANDOM" finished-at="2015-07-13T23:55:43Z">
          <params>
            <param index="0">
              <value>
                <![CDATA[br.com.brm.scp.api.dto.response.ItemResponseDTO@68ead359]]>
              </value>
            </param>
            <param index="1">
              <value>
                <![CDATA[[br.com.brm.scp.api.dto.response.TagResponseDTO@6b53bcc2, br.com.brm.scp.api.dto.response.TagResponseDTO@180da663, br.com.brm.scp.api.dto.response.TagResponseDTO@a43ce46]]]>
              </value>
            </param>
          </params>
          <reporter-output>
          </reporter-output>
        </test-method> <!-- criarSkuPart1 -->
        <test-method status="PASS" signature="springTestContextBeforeTestMethod(java.lang.reflect.Method)[pri:0, instance:br.com.brm.scp.api.service.test.SkuServiceMockTest@3754a4bf]" name="springTestContextBeforeTestMethod" is-config="true" duration-ms="0" started-at="2015-07-13T23:55:43Z" finished-at="2015-07-13T23:55:43Z">
          <params>
            <param index="0">
              <value>
                <![CDATA[public void br.com.brm.scp.api.service.test.SkuServiceMockTest.criarSkuPart1(br.com.brm.scp.api.dto.response.ItemResponseDTO,java.util.Collection) throws br.com.brm.scp.api.exceptions.SkuException]]>
              </value>
            </param>
          </params>
          <reporter-output>
          </reporter-output>
        </test-method> <!-- springTestContextBeforeTestMethod -->
        <test-method status="PASS" signature="springTestContextAfterTestMethod(java.lang.reflect.Method)[pri:0, instance:br.com.brm.scp.api.service.test.SkuServiceMockTest@3754a4bf]" name="springTestContextAfterTestMethod" is-config="true" duration-ms="2" started-at="2015-07-13T23:55:43Z" finished-at="2015-07-13T23:55:43Z">
          <params>
            <param index="0">
              <value>
                <![CDATA[public void br.com.brm.scp.api.service.test.SkuServiceMockTest.criarSkuPart1(br.com.brm.scp.api.dto.response.ItemResponseDTO,java.util.Collection) throws br.com.brm.scp.api.exceptions.SkuException]]>
              </value>
            </param>
          </params>
          <reporter-output>
          </reporter-output>
        </test-method> <!-- springTestContextAfterTestMethod -->
        <test-method status="PASS" signature="criarSkuPart2()[pri:0, instance:br.com.brm.scp.api.service.test.SkuServiceMockTest@3754a4bf]" name="criarSkuPart2" duration-ms="46" started-at="2015-07-13T23:55:43Z" finished-at="2015-07-13T23:55:43Z">
          <reporter-output>
          </reporter-output>
        </test-method> <!-- criarSkuPart2 -->
        <test-method status="PASS" signature="springTestContextBeforeTestMethod(java.lang.reflect.Method)[pri:0, instance:br.com.brm.scp.api.service.test.SkuServiceMockTest@3754a4bf]" name="springTestContextBeforeTestMethod" is-config="true" duration-ms="0" started-at="2015-07-13T23:55:43Z" finished-at="2015-07-13T23:55:43Z">
          <params>
            <param index="0">
              <value>
                <![CDATA[public void br.com.brm.scp.api.service.test.SkuServiceMockTest.criarSkuPart2() throws br.com.brm.scp.api.exceptions.SkuException,br.com.brm.scp.api.exceptions.UsuarioNotFoundException]]>
              </value>
            </param>
          </params>
          <reporter-output>
          </reporter-output>
        </test-method> <!-- springTestContextBeforeTestMethod -->
        <test-method status="PASS" signature="springTestContextAfterTestMethod(java.lang.reflect.Method)[pri:0, instance:br.com.brm.scp.api.service.test.SkuServiceMockTest@3754a4bf]" name="springTestContextAfterTestMethod" is-config="true" duration-ms="0" started-at="2015-07-13T23:55:43Z" finished-at="2015-07-13T23:55:43Z">
          <params>
            <param index="0">
              <value>
                <![CDATA[public void br.com.brm.scp.api.service.test.SkuServiceMockTest.criarSkuPart2() throws br.com.brm.scp.api.exceptions.SkuException,br.com.brm.scp.api.exceptions.UsuarioNotFoundException]]>
              </value>
            </param>
          </params>
          <reporter-output>
          </reporter-output>
        </test-method> <!-- springTestContextAfterTestMethod -->
        <test-method status="PASS" signature="springTestContextBeforeTestMethod(java.lang.reflect.Method)[pri:0, instance:br.com.brm.scp.api.service.test.SkuServiceMockTest@3754a4bf]" name="springTestContextBeforeTestMethod" is-config="true" duration-ms="0" started-at="2015-07-13T23:55:44Z" finished-at="2015-07-13T23:55:44Z">
          <params>
            <param index="0">
              <value>
                <![CDATA[public void br.com.brm.scp.api.service.test.SkuServiceMockTest.skuAtivarSkuNotFoundException(br.com.brm.scp.api.dto.request.SkuRequestDTO) throws br.com.brm.scp.api.exceptions.SkuException]]>
              </value>
            </param>
          </params>
          <reporter-output>
          </reporter-output>
        </test-method> <!-- springTestContextBeforeTestMethod -->
        <test-method status="PASS" signature="skuAtivarSkuNotFoundException(br.com.brm.scp.api.dto.request.SkuRequestDTO)[pri:0, instance:br.com.brm.scp.api.service.test.SkuServiceMockTest@3754a4bf]" name="skuAtivarSkuNotFoundException" duration-ms="3" started-at="2015-07-13T23:55:44Z" data-provider="skuNotFound" finished-at="2015-07-13T23:55:44Z">
          <params>
            <param index="0">
              <value>
                <![CDATA[br.com.brm.scp.api.dto.request.SkuRequestDTO@781f10f2]]>
              </value>
            </param>
          </params>
          <exception class="br.com.brm.scp.api.exceptions.SkuNotFoundException">
            <full-stacktrace>
              <![CDATA[br.com.brm.scp.api.exceptions.SkuNotFoundException
	at br.com.brm.scp.mock.api.service.strategies.SkuAtivandoStrategyImpl.save(SkuAtivandoStrategyImpl.java:36)
	at br.com.brm.scp.api.service.strategies.interfaces.Sku.save(Sku.java:18)
	at br.com.brm.scp.mock.api.service.impl.SkuServiceMockImpl.ativar(SkuServiceMockImpl.java:38)
	at br.com.brm.scp.api.service.test.SkuServiceMockTest.skuAtivarSkuNotFoundException(SkuServiceMockTest.java:153)
	at sun.reflect.NativeMethodAccessorImpl.invoke0(Native Method)
	at sun.reflect.NativeMethodAccessorImpl.invoke(Unknown Source)
	at sun.reflect.DelegatingMethodAccessorImpl.invoke(Unknown Source)
	at java.lang.reflect.Method.invoke(Unknown Source)
	at org.testng.internal.MethodInvocationHelper.invokeMethod(MethodInvocationHelper.java:84)
	at org.testng.internal.MethodInvocationHelper$1.runTestMethod(MethodInvocationHelper.java:200)
	at org.springframework.test.context.testng.AbstractTestNGSpringContextTests.run(AbstractTestNGSpringContextTests.java:172)
	at sun.reflect.NativeMethodAccessorImpl.invoke0(Native Method)
	at sun.reflect.NativeMethodAccessorImpl.invoke(Unknown Source)
	at sun.reflect.DelegatingMethodAccessorImpl.invoke(Unknown Source)
	at java.lang.reflect.Method.invoke(Unknown Source)
	at org.testng.internal.MethodInvocationHelper.invokeHookable(MethodInvocationHelper.java:212)
	at org.testng.internal.Invoker.invokeMethod(Invoker.java:707)
	at org.testng.internal.Invoker.invokeTestMethod(Invoker.java:901)
	at org.testng.internal.Invoker.invokeTestMethods(Invoker.java:1231)
	at org.testng.internal.TestMethodWorker.invokeTestMethods(TestMethodWorker.java:127)
	at org.testng.internal.TestMethodWorker.run(TestMethodWorker.java:111)
	at org.testng.TestRunner.privateRun(TestRunner.java:767)
	at org.testng.TestRunner.run(TestRunner.java:617)
	at org.testng.SuiteRunner.runTest(SuiteRunner.java:348)
	at org.testng.SuiteRunner.runSequentially(SuiteRunner.java:343)
	at org.testng.SuiteRunner.privateRun(SuiteRunner.java:305)
	at org.testng.SuiteRunner.run(SuiteRunner.java:254)
	at org.testng.SuiteRunnerWorker.runSuite(SuiteRunnerWorker.java:52)
	at org.testng.SuiteRunnerWorker.run(SuiteRunnerWorker.java:86)
	at org.testng.TestNG.runSuitesSequentially(TestNG.java:1224)
	at org.testng.TestNG.runSuitesLocally(TestNG.java:1149)
	at org.testng.TestNG.run(TestNG.java:1057)
	at org.testng.remote.RemoteTestNG.run(RemoteTestNG.java:111)
	at org.testng.remote.RemoteTestNG.initAndRun(RemoteTestNG.java:204)
	at org.testng.remote.RemoteTestNG.main(RemoteTestNG.java:175)
]]>
            </full-stacktrace>
          </exception> <!-- br.com.brm.scp.api.exceptions.SkuNotFoundException -->
          <reporter-output>
          </reporter-output>
        </test-method> <!-- skuAtivarSkuNotFoundException -->
        <test-method status="PASS" signature="springTestContextAfterTestMethod(java.lang.reflect.Method)[pri:0, instance:br.com.brm.scp.api.service.test.SkuServiceMockTest@3754a4bf]" name="springTestContextAfterTestMethod" is-config="true" duration-ms="1" started-at="2015-07-13T23:55:44Z" finished-at="2015-07-13T23:55:44Z">
          <params>
            <param index="0">
              <value>
                <![CDATA[public void br.com.brm.scp.api.service.test.SkuServiceMockTest.skuAtivarSkuNotFoundException(br.com.brm.scp.api.dto.request.SkuRequestDTO) throws br.com.brm.scp.api.exceptions.SkuException]]>
              </value>
            </param>
          </params>
          <reporter-output>
          </reporter-output>
        </test-method> <!-- springTestContextAfterTestMethod -->
        <test-method status="PASS" signature="skuExistenteException()[pri:0, instance:br.com.brm.scp.api.service.test.SkuServiceMockTest@3754a4bf]" name="skuExistenteException" duration-ms="4" started-at="2015-07-13T23:55:44Z" finished-at="2015-07-13T23:55:44Z">
          <exception class="br.com.brm.scp.api.exceptions.SkuExistenteException">
            <full-stacktrace>
              <![CDATA[br.com.brm.scp.api.exceptions.SkuExistenteException
	at br.com.brm.scp.mock.api.service.strategies.SkuCreateStrategyImpl.save(SkuCreateStrategyImpl.java:33)
	at br.com.brm.scp.api.service.strategies.interfaces.Sku.save(Sku.java:18)
	at br.com.brm.scp.mock.api.service.impl.SkuServiceMockImpl.create(SkuServiceMockImpl.java:32)
	at br.com.brm.scp.api.service.test.SkuServiceMockTest.skuExistenteException(SkuServiceMockTest.java:162)
	at sun.reflect.NativeMethodAccessorImpl.invoke0(Native Method)
	at sun.reflect.NativeMethodAccessorImpl.invoke(Unknown Source)
	at sun.reflect.DelegatingMethodAccessorImpl.invoke(Unknown Source)
	at java.lang.reflect.Method.invoke(Unknown Source)
	at org.testng.internal.MethodInvocationHelper.invokeMethod(MethodInvocationHelper.java:84)
	at org.testng.internal.MethodInvocationHelper$1.runTestMethod(MethodInvocationHelper.java:200)
	at org.springframework.test.context.testng.AbstractTestNGSpringContextTests.run(AbstractTestNGSpringContextTests.java:172)
	at sun.reflect.NativeMethodAccessorImpl.invoke0(Native Method)
	at sun.reflect.NativeMethodAccessorImpl.invoke(Unknown Source)
	at sun.reflect.DelegatingMethodAccessorImpl.invoke(Unknown Source)
	at java.lang.reflect.Method.invoke(Unknown Source)
	at org.testng.internal.MethodInvocationHelper.invokeHookable(MethodInvocationHelper.java:212)
	at org.testng.internal.Invoker.invokeMethod(Invoker.java:707)
	at org.testng.internal.Invoker.invokeTestMethod(Invoker.java:901)
	at org.testng.internal.Invoker.invokeTestMethods(Invoker.java:1231)
	at org.testng.internal.TestMethodWorker.invokeTestMethods(TestMethodWorker.java:127)
	at org.testng.internal.TestMethodWorker.run(TestMethodWorker.java:111)
	at org.testng.TestRunner.privateRun(TestRunner.java:767)
	at org.testng.TestRunner.run(TestRunner.java:617)
	at org.testng.SuiteRunner.runTest(SuiteRunner.java:348)
	at org.testng.SuiteRunner.runSequentially(SuiteRunner.java:343)
	at org.testng.SuiteRunner.privateRun(SuiteRunner.java:305)
	at org.testng.SuiteRunner.run(SuiteRunner.java:254)
	at org.testng.SuiteRunnerWorker.runSuite(SuiteRunnerWorker.java:52)
	at org.testng.SuiteRunnerWorker.run(SuiteRunnerWorker.java:86)
	at org.testng.TestNG.runSuitesSequentially(TestNG.java:1224)
	at org.testng.TestNG.runSuitesLocally(TestNG.java:1149)
	at org.testng.TestNG.run(TestNG.java:1057)
	at org.testng.remote.RemoteTestNG.run(RemoteTestNG.java:111)
	at org.testng.remote.RemoteTestNG.initAndRun(RemoteTestNG.java:204)
	at org.testng.remote.RemoteTestNG.main(RemoteTestNG.java:175)
]]>
            </full-stacktrace>
          </exception> <!-- br.com.brm.scp.api.exceptions.SkuExistenteException -->
          <reporter-output>
          </reporter-output>
        </test-method> <!-- skuExistenteException -->
        <test-method status="PASS" signature="springTestContextBeforeTestMethod(java.lang.reflect.Method)[pri:0, instance:br.com.brm.scp.api.service.test.SkuServiceMockTest@3754a4bf]" name="springTestContextBeforeTestMethod" is-config="true" duration-ms="0" started-at="2015-07-13T23:55:44Z" finished-at="2015-07-13T23:55:44Z">
          <params>
            <param index="0">
              <value>
                <![CDATA[public void br.com.brm.scp.api.service.test.SkuServiceMockTest.skuExistenteException() throws br.com.brm.scp.api.exceptions.SkuException]]>
              </value>
            </param>
          </params>
          <reporter-output>
          </reporter-output>
        </test-method> <!-- springTestContextBeforeTestMethod -->
        <test-method status="PASS" signature="springTestContextAfterTestMethod(java.lang.reflect.Method)[pri:0, instance:br.com.brm.scp.api.service.test.SkuServiceMockTest@3754a4bf]" name="springTestContextAfterTestMethod" is-config="true" duration-ms="0" started-at="2015-07-13T23:55:44Z" finished-at="2015-07-13T23:55:44Z">
          <params>
            <param index="0">
              <value>
                <![CDATA[public void br.com.brm.scp.api.service.test.SkuServiceMockTest.skuExistenteException() throws br.com.brm.scp.api.exceptions.SkuException]]>
              </value>
            </param>
          </params>
          <reporter-output>
          </reporter-output>
        </test-method> <!-- springTestContextAfterTestMethod -->
        <test-method status="PASS" signature="springTestContextBeforeTestMethod(java.lang.reflect.Method)[pri:0, instance:br.com.brm.scp.api.service.test.SkuServiceMockTest@3754a4bf]" name="springTestContextBeforeTestMethod" is-config="true" duration-ms="0" started-at="2015-07-13T23:55:44Z" finished-at="2015-07-13T23:55:44Z">
          <params>
            <param index="0">
              <value>
                <![CDATA[public void br.com.brm.scp.api.service.test.SkuServiceMockTest.selecionarOrigens(java.util.Collection) throws java.lang.Exception]]>
              </value>
            </param>
          </params>
          <reporter-output>
          </reporter-output>
        </test-method> <!-- springTestContextBeforeTestMethod -->
        <test-method status="PASS" signature="selecionarOrigens(java.util.Collection)[pri:0, instance:br.com.brm.scp.api.service.test.SkuServiceMockTest@3754a4bf]" name="selecionarOrigens" duration-ms="21120" started-at="2015-07-13T23:55:44Z" data-provider="TAGS_RANDOM" finished-at="2015-07-13T23:56:05Z">
          <params>
            <param index="0">
              <value>
                <![CDATA[[br.com.brm.scp.api.dto.response.TagResponseDTO@70efb718, br.com.brm.scp.api.dto.response.TagResponseDTO@b70da4c, br.com.brm.scp.api.dto.response.TagResponseDTO@4a11eb84]]]>
              </value>
            </param>
          </params>
          <reporter-output>
          </reporter-output>
        </test-method> <!-- selecionarOrigens -->
        <test-method status="PASS" signature="springTestContextAfterTestMethod(java.lang.reflect.Method)[pri:0, instance:br.com.brm.scp.api.service.test.SkuServiceMockTest@3754a4bf]" name="springTestContextAfterTestMethod" is-config="true" duration-ms="1" started-at="2015-07-13T23:56:05Z" finished-at="2015-07-13T23:56:05Z">
          <params>
            <param index="0">
              <value>
                <![CDATA[public void br.com.brm.scp.api.service.test.SkuServiceMockTest.selecionarOrigens(java.util.Collection) throws java.lang.Exception]]>
              </value>
            </param>
          </params>
          <reporter-output>
          </reporter-output>
        </test-method> <!-- springTestContextAfterTestMethod -->
        <test-method status="PASS" signature="springTestContextAfterTestClass()[pri:0, instance:br.com.brm.scp.api.service.test.SkuServiceMockTest@3754a4bf]" name="springTestContextAfterTestClass" is-config="true" duration-ms="0" started-at="2015-07-13T23:56:05Z" finished-at="2015-07-13T23:56:05Z">
          <reporter-output>
          </reporter-output>
        </test-method> <!-- springTestContextAfterTestClass -->
        <test-method status="PASS" signature="tearDown()[pri:0, instance:br.com.brm.scp.api.service.test.SkuServiceMockTest@3754a4bf]" name="tearDown" is-config="true" duration-ms="0" started-at="2015-07-13T23:56:05Z" finished-at="2015-07-13T23:56:05Z">
          <reporter-output>
          </reporter-output>
        </test-method> <!-- tearDown -->
      </class> <!-- br.com.brm.scp.api.service.test.SkuServiceMockTest -->
    </test> <!-- Default test -->
  </suite> <!-- Default suite -->
</testng-results>
