<?xml version="1.0" encoding="UTF-8"?>
<testng-results skipped="0" failed="0" total="1" passed="1">
  <reporter-output>
  </reporter-output>
  <suite name="Default suite" duration-ms="513514" started-at="2015-05-25T02:27:49Z" finished-at="2015-05-25T02:36:23Z">
    <groups>
      <group name="CRIACAO_SKU">
        <method signature="SkuServiceMockTest.criarSkuPart1(br.com.brm.scp.api.dto.response.ItemResponseDTO, java.util.Collection)[pri:0, instance:br.com.brm.scp.api.service.test.SkuServiceMockTest@338fc07d]" name="criarSkuPart1" class="br.com.brm.scp.api.service.test.SkuServiceMockTest"/>
      </group> <!-- CRIACAO_SKU -->
    </groups>
    <test name="Default test" duration-ms="513514" started-at="2015-05-25T02:27:49Z" finished-at="2015-05-25T02:36:23Z">
      <class name="br.com.brm.scp.api.service.test.SkuServiceMockTest">
        <test-method status="PASS" signature="springTestContextBeforeTestClass()[pri:0, instance:br.com.brm.scp.api.service.test.SkuServiceMockTest@338fc07d]" name="springTestContextBeforeTestClass" is-config="true" duration-ms="7" started-at="2015-05-24T23:27:49Z" finished-at="2015-05-24T23:27:49Z">
          <reporter-output>
          </reporter-output>
        </test-method> <!-- springTestContextBeforeTestClass -->
        <test-method status="PASS" signature="springTestContextPrepareTestInstance()[pri:0, instance:br.com.brm.scp.api.service.test.SkuServiceMockTest@338fc07d]" name="springTestContextPrepareTestInstance" is-config="true" duration-ms="466" started-at="2015-05-24T23:27:49Z" depends-on-methods="org.springframework.test.context.testng.AbstractTestNGSpringContextTests.springTestContextBeforeTestClass" finished-at="2015-05-24T23:27:50Z">
          <reporter-output>
          </reporter-output>
        </test-method> <!-- springTestContextPrepareTestInstance -->
        <test-method status="PASS" signature="setup()[pri:0, instance:br.com.brm.scp.api.service.test.SkuServiceMockTest@338fc07d]" name="setup" is-config="true" duration-ms="22" started-at="2015-05-24T23:27:50Z" finished-at="2015-05-24T23:27:50Z">
          <reporter-output>
          </reporter-output>
        </test-method> <!-- setup -->
        <test-method status="PASS" signature="springTestContextBeforeTestMethod(java.lang.reflect.Method)[pri:0, instance:br.com.brm.scp.api.service.test.SkuServiceMockTest@338fc07d]" name="springTestContextBeforeTestMethod" is-config="true" duration-ms="1" started-at="2015-05-24T23:32:52Z" finished-at="2015-05-24T23:32:52Z">
          <params>
            <param index="0">
              <value>
                <![CDATA[public void br.com.brm.scp.api.service.test.SkuServiceMockTest.criarSkuPart1(br.com.brm.scp.api.dto.response.ItemResponseDTO,java.util.Collection) throws br.com.brm.scp.api.exceptions.SkuExistenteException]]>
              </value>
            </param>
          </params>
          <reporter-output>
          </reporter-output>
        </test-method> <!-- springTestContextBeforeTestMethod -->
        <test-method status="PASS" signature="criarSkuPart1(br.com.brm.scp.api.dto.response.ItemResponseDTO, java.util.Collection)[pri:0, instance:br.com.brm.scp.api.service.test.SkuServiceMockTest@338fc07d]" name="criarSkuPart1" duration-ms="210238" started-at="2015-05-24T23:32:52Z" data-provider="ITEM_TAGS_RANDOM" finished-at="2015-05-24T23:36:23Z">
          <params>
            <param index="0">
              <value>
                <![CDATA[br.com.brm.scp.api.dto.response.ItemResponseDTO@634e4ce7]]>
              </value>
            </param>
            <param index="1">
              <value>
                <![CDATA[[br.com.brm.scp.api.dto.response.TagResponseDTO@32c98179, br.com.brm.scp.api.dto.response.TagResponseDTO@1d6ec9c3, br.com.brm.scp.api.dto.response.TagResponseDTO@4fcfbea0]]]>
              </value>
            </param>
          </params>
          <reporter-output>
          </reporter-output>
        </test-method> <!-- criarSkuPart1 -->
        <test-method status="PASS" signature="springTestContextAfterTestMethod(java.lang.reflect.Method)[pri:0, instance:br.com.brm.scp.api.service.test.SkuServiceMockTest@338fc07d]" name="springTestContextAfterTestMethod" is-config="true" duration-ms="2" started-at="2015-05-24T23:36:23Z" finished-at="2015-05-24T23:36:23Z">
          <params>
            <param index="0">
              <value>
                <![CDATA[public void br.com.brm.scp.api.service.test.SkuServiceMockTest.criarSkuPart1(br.com.brm.scp.api.dto.response.ItemResponseDTO,java.util.Collection) throws br.com.brm.scp.api.exceptions.SkuExistenteException]]>
              </value>
            </param>
          </params>
          <reporter-output>
          </reporter-output>
        </test-method> <!-- springTestContextAfterTestMethod -->
        <test-method status="PASS" signature="springTestContextAfterTestClass()[pri:0, instance:br.com.brm.scp.api.service.test.SkuServiceMockTest@338fc07d]" name="springTestContextAfterTestClass" is-config="true" duration-ms="0" started-at="2015-05-24T23:36:23Z" finished-at="2015-05-24T23:36:23Z">
          <reporter-output>
          </reporter-output>
        </test-method> <!-- springTestContextAfterTestClass -->
        <test-method status="PASS" signature="tearDown()[pri:0, instance:br.com.brm.scp.api.service.test.SkuServiceMockTest@338fc07d]" name="tearDown" is-config="true" duration-ms="0" started-at="2015-05-24T23:36:23Z" finished-at="2015-05-24T23:36:23Z">
          <reporter-output>
          </reporter-output>
        </test-method> <!-- tearDown -->
      </class> <!-- br.com.brm.scp.api.service.test.SkuServiceMockTest -->
    </test> <!-- Default test -->
  </suite> <!-- Default suite -->
</testng-results>
