<?xml version="1.0" encoding="UTF-8"?>
<testng-results skipped="0" failed="0" total="3" passed="3">
  <reporter-output>
  </reporter-output>
  <suite name="Default suite" duration-ms="1091" started-at="2015-06-05T23:53:16Z" finished-at="2015-06-05T23:53:17Z">
    <groups>
      <group name="CRUD">
        <method signature="FornecedorServiceMockTest.create(br.com.brm.scp.api.dto.request.FornecedorRequestDTO)[pri:0, instance:br.com.brm.scp.api.service.test.FornecedorServiceMockTest@43814d18]" name="create" class="br.com.brm.scp.api.service.test.FornecedorServiceMockTest"/>
        <method signature="FornecedorServiceMockTest.delete(br.com.brm.scp.api.dto.request.FornecedorRequestDTO)[pri:0, instance:br.com.brm.scp.api.service.test.FornecedorServiceMockTest@43814d18]" name="delete" class="br.com.brm.scp.api.service.test.FornecedorServiceMockTest"/>
        <method signature="FornecedorServiceMockTest.update(br.com.brm.scp.api.dto.request.FornecedorRequestDTO)[pri:0, instance:br.com.brm.scp.api.service.test.FornecedorServiceMockTest@43814d18]" name="update" class="br.com.brm.scp.api.service.test.FornecedorServiceMockTest"/>
      </group> <!-- CRUD -->
    </groups>
    <test name="Default test" duration-ms="1091" started-at="2015-06-05T23:53:16Z" finished-at="2015-06-05T23:53:17Z">
      <class name="br.com.brm.scp.api.service.test.FornecedorServiceMockTest">
        <test-method status="PASS" signature="springTestContextBeforeTestClass()[pri:0, instance:br.com.brm.scp.api.service.test.FornecedorServiceMockTest@43814d18]" name="springTestContextBeforeTestClass" is-config="true" duration-ms="12" started-at="2015-06-05T20:53:16Z" finished-at="2015-06-05T20:53:16Z">
          <reporter-output>
          </reporter-output>
        </test-method> <!-- springTestContextBeforeTestClass -->
        <test-method status="PASS" signature="springTestContextPrepareTestInstance()[pri:0, instance:br.com.brm.scp.api.service.test.FornecedorServiceMockTest@43814d18]" name="springTestContextPrepareTestInstance" is-config="true" duration-ms="980" started-at="2015-06-05T20:53:16Z" depends-on-methods="org.springframework.test.context.testng.AbstractTestNGSpringContextTests.springTestContextBeforeTestClass" finished-at="2015-06-05T20:53:17Z">
          <reporter-output>
          </reporter-output>
        </test-method> <!-- springTestContextPrepareTestInstance -->
        <test-method status="PASS" signature="springTestContextBeforeTestMethod(java.lang.reflect.Method)[pri:0, instance:br.com.brm.scp.api.service.test.FornecedorServiceMockTest@43814d18]" name="springTestContextBeforeTestMethod" is-config="true" duration-ms="1" started-at="2015-06-05T20:53:17Z" finished-at="2015-06-05T20:53:17Z">
          <params>
            <param index="0">
              <value>
                <![CDATA[public void br.com.brm.scp.api.service.test.FornecedorServiceMockTest.create(br.com.brm.scp.api.dto.request.FornecedorRequestDTO)]]>
              </value>
            </param>
          </params>
          <reporter-output>
          </reporter-output>
        </test-method> <!-- springTestContextBeforeTestMethod -->
        <test-method status="PASS" signature="create(br.com.brm.scp.api.dto.request.FornecedorRequestDTO)[pri:0, instance:br.com.brm.scp.api.service.test.FornecedorServiceMockTest@43814d18]" name="create" duration-ms="26" started-at="2015-06-05T20:53:17Z" data-provider="novoFornecedor" finished-at="2015-06-05T20:53:17Z">
          <params>
            <param index="0">
              <value>
                <![CDATA[br.com.brm.scp.api.dto.request.FornecedorRequestDTO@6aeb35e6]]>
              </value>
            </param>
          </params>
          <reporter-output>
          </reporter-output>
        </test-method> <!-- create -->
        <test-method status="PASS" signature="springTestContextAfterTestMethod(java.lang.reflect.Method)[pri:0, instance:br.com.brm.scp.api.service.test.FornecedorServiceMockTest@43814d18]" name="springTestContextAfterTestMethod" is-config="true" duration-ms="4" started-at="2015-06-05T20:53:17Z" finished-at="2015-06-05T20:53:17Z">
          <params>
            <param index="0">
              <value>
                <![CDATA[public void br.com.brm.scp.api.service.test.FornecedorServiceMockTest.create(br.com.brm.scp.api.dto.request.FornecedorRequestDTO)]]>
              </value>
            </param>
          </params>
          <reporter-output>
          </reporter-output>
        </test-method> <!-- springTestContextAfterTestMethod -->
        <test-method status="PASS" signature="springTestContextBeforeTestMethod(java.lang.reflect.Method)[pri:0, instance:br.com.brm.scp.api.service.test.FornecedorServiceMockTest@43814d18]" name="springTestContextBeforeTestMethod" is-config="true" duration-ms="0" started-at="2015-06-05T20:53:17Z" finished-at="2015-06-05T20:53:17Z">
          <params>
            <param index="0">
              <value>
                <![CDATA[public void br.com.brm.scp.api.service.test.FornecedorServiceMockTest.delete(br.com.brm.scp.api.dto.request.FornecedorRequestDTO)]]>
              </value>
            </param>
          </params>
          <reporter-output>
          </reporter-output>
        </test-method> <!-- springTestContextBeforeTestMethod -->
        <test-method status="PASS" signature="delete(br.com.brm.scp.api.dto.request.FornecedorRequestDTO)[pri:0, instance:br.com.brm.scp.api.service.test.FornecedorServiceMockTest@43814d18]" name="delete" duration-ms="20" started-at="2015-06-05T20:53:17Z" data-provider="novoFornecedor" finished-at="2015-06-05T20:53:17Z">
          <params>
            <param index="0">
              <value>
                <![CDATA[br.com.brm.scp.api.dto.request.FornecedorRequestDTO@a1153bc]]>
              </value>
            </param>
          </params>
          <reporter-output>
          </reporter-output>
        </test-method> <!-- delete -->
        <test-method status="PASS" signature="springTestContextAfterTestMethod(java.lang.reflect.Method)[pri:0, instance:br.com.brm.scp.api.service.test.FornecedorServiceMockTest@43814d18]" name="springTestContextAfterTestMethod" is-config="true" duration-ms="0" started-at="2015-06-05T20:53:17Z" finished-at="2015-06-05T20:53:17Z">
          <params>
            <param index="0">
              <value>
                <![CDATA[public void br.com.brm.scp.api.service.test.FornecedorServiceMockTest.delete(br.com.brm.scp.api.dto.request.FornecedorRequestDTO)]]>
              </value>
            </param>
          </params>
          <reporter-output>
          </reporter-output>
        </test-method> <!-- springTestContextAfterTestMethod -->
        <test-method status="PASS" signature="springTestContextBeforeTestMethod(java.lang.reflect.Method)[pri:0, instance:br.com.brm.scp.api.service.test.FornecedorServiceMockTest@43814d18]" name="springTestContextBeforeTestMethod" is-config="true" duration-ms="0" started-at="2015-06-05T20:53:17Z" finished-at="2015-06-05T20:53:17Z">
          <params>
            <param index="0">
              <value>
                <![CDATA[public void br.com.brm.scp.api.service.test.FornecedorServiceMockTest.update(br.com.brm.scp.api.dto.request.FornecedorRequestDTO)]]>
              </value>
            </param>
          </params>
          <reporter-output>
          </reporter-output>
        </test-method> <!-- springTestContextBeforeTestMethod -->
        <test-method status="PASS" signature="update(br.com.brm.scp.api.dto.request.FornecedorRequestDTO)[pri:0, instance:br.com.brm.scp.api.service.test.FornecedorServiceMockTest@43814d18]" name="update" duration-ms="4" started-at="2015-06-05T20:53:17Z" data-provider="novoFornecedor" finished-at="2015-06-05T20:53:17Z">
          <params>
            <param index="0">
              <value>
                <![CDATA[br.com.brm.scp.api.dto.request.FornecedorRequestDTO@71d44a3]]>
              </value>
            </param>
          </params>
          <reporter-output>
          </reporter-output>
        </test-method> <!-- update -->
        <test-method status="PASS" signature="springTestContextAfterTestClass()[pri:0, instance:br.com.brm.scp.api.service.test.FornecedorServiceMockTest@43814d18]" name="springTestContextAfterTestClass" is-config="true" duration-ms="0" started-at="2015-06-05T20:53:17Z" finished-at="2015-06-05T20:53:17Z">
          <reporter-output>
          </reporter-output>
        </test-method> <!-- springTestContextAfterTestClass -->
        <test-method status="PASS" signature="springTestContextAfterTestMethod(java.lang.reflect.Method)[pri:0, instance:br.com.brm.scp.api.service.test.FornecedorServiceMockTest@43814d18]" name="springTestContextAfterTestMethod" is-config="true" duration-ms="0" started-at="2015-06-05T20:53:17Z" finished-at="2015-06-05T20:53:17Z">
          <params>
            <param index="0">
              <value>
                <![CDATA[public void br.com.brm.scp.api.service.test.FornecedorServiceMockTest.update(br.com.brm.scp.api.dto.request.FornecedorRequestDTO)]]>
              </value>
            </param>
          </params>
          <reporter-output>
          </reporter-output>
        </test-method> <!-- springTestContextAfterTestMethod -->
      </class> <!-- br.com.brm.scp.api.service.test.FornecedorServiceMockTest -->
    </test> <!-- Default test -->
  </suite> <!-- Default suite -->
</testng-results>
